<?xml version="1.0" encoding="UTF-8"?>
<!-- Generated by org.testng.reporters.JUnitXMLReporter -->
<testsuite hostname="Dell" name="Test" tests="5" failures="1" timestamp="26 Dec 2018 06:55:28 GMT" time="119.091" errors="0">
  <testcase name="@AfterMethod configAM" time="0.0" classname="com.crm.organization.CreateOrganisation">
    <failure type="org.openqa.selenium.StaleElementReferenceException" message="Element not found in the cache - perhaps the page has changed since it was looked up
Command duration or timeout: 75.91 seconds
For documentation on this error, please visit: http://seleniumhq.org/exceptions/stale_element_reference.html
Build info: version: &amp;apos;2.53.1&amp;apos;, revision: &amp;apos;a36b8b1&amp;apos;, time: &amp;apos;2016-06-30 17:32:46&amp;apos;
System info: host: &amp;apos;Dell&amp;apos;, ip: &amp;apos;127.0.0.1&amp;apos;, os.name: &amp;apos;Windows 8&amp;apos;, os.arch: &amp;apos;amd64&amp;apos;, os.version: &amp;apos;6.2&amp;apos;, java.version: &amp;apos;1.8.0_171&amp;apos;
Driver info: org.openqa.selenium.firefox.FirefoxDriver
Capabilities [{applicationCacheEnabled=true, rotatable=false, handlesAlerts=true, databaseEnabled=true, version=45.0.1, platform=WINDOWS, nativeEvents=false, acceptSslCerts=true, webStorageEnabled=true, locationContextEnabled=true, browserName=firefox, takesScreenshot=true, javascriptEnabled=true, cssSelectorsEnabled=true}]
Session ID: f1d1e3eb-5bc6-473f-a786-6c88d1c4ca96">
      <![CDATA[org.openqa.selenium.StaleElementReferenceException: Element not found in the cache - perhaps the page has changed since it was looked up
Command duration or timeout: 75.91 seconds
For documentation on this error, please visit: http://seleniumhq.org/exceptions/stale_element_reference.html
Build info: version: '2.53.1', revision: 'a36b8b1', time: '2016-06-30 17:32:46'
System info: host: 'Dell', ip: '127.0.0.1', os.name: 'Windows 8', os.arch: 'amd64', os.version: '6.2', java.version: '1.8.0_171'
Driver info: org.openqa.selenium.firefox.FirefoxDriver
Capabilities [{applicationCacheEnabled=true, rotatable=false, handlesAlerts=true, databaseEnabled=true, version=45.0.1, platform=WINDOWS, nativeEvents=false, acceptSslCerts=true, webStorageEnabled=true, locationContextEnabled=true, browserName=firefox, takesScreenshot=true, javascriptEnabled=true, cssSelectorsEnabled=true}]
Session ID: f1d1e3eb-5bc6-473f-a786-6c88d1c4ca96
	at org.openqa.selenium.remote.ErrorHandler.createThrowable(ErrorHandler.java:206)
	at org.openqa.selenium.remote.ErrorHandler.throwIfResponseFailed(ErrorHandler.java:158)
	at org.openqa.selenium.remote.RemoteWebDriver.execute(RemoteWebDriver.java:678)
	at org.openqa.selenium.remote.RemoteExecuteMethod.execute(RemoteExecuteMethod.java:35)
	at org.openqa.selenium.remote.RemoteMouse.mouseMove(RemoteMouse.java:89)
	at org.openqa.selenium.interactions.MoveMouseAction.perform(MoveMouseAction.java:39)
	at org.openqa.selenium.interactions.CompositeAction.perform(CompositeAction.java:50)
	at org.openqa.selenium.interactions.Actions.perform(Actions.java:373)
	at com.crm.objectrepositoryLib.Home.logout(Home.java:49)
	at com.crm.genericLib.BaseClass.configAM(BaseClass.java:73)
Caused by: org.openqa.selenium.StaleElementReferenceException: Element not found in the cache - perhaps the page has changed since it was looked up
For documentation on this error, please visit: http://seleniumhq.org/exceptions/stale_element_reference.html
Build info: version: '2.53.1', revision: 'a36b8b1', time: '2016-06-30 17:32:46'
System info: host: 'Dell', ip: '127.0.0.1', os.name: 'Windows 8', os.arch: 'amd64', os.version: '6.2', java.version: '1.8.0_171'
Driver info: driver.version: unknown
	at <anonymous class>.fxdriver.cache.getElementAt(resource://fxdriver/modules/web-element-cache.js:9454)
	at <anonymous class>.Utils.getElementAt(file:///C:/Users/User/AppData/Local/Temp/anonymous8215285623240406903webdriver-profile/extensions/fxdriver@googlecode.com/components/driver-component.js:9039)
	at <anonymous class>.fxdriver.events.buildCoordinates(file:///C:/Users/User/AppData/Local/Temp/anonymous8215285623240406903webdriver-profile/extensions/fxdriver@googlecode.com/components/driver-component.js:10275)
	at <anonymous class>.FirefoxDriver.prototype.mouseMoveTo(file:///C:/Users/User/AppData/Local/Temp/anonymous8215285623240406903webdriver-profile/extensions/fxdriver@googlecode.com/components/driver-component.js:11068)
	at <anonymous class>.DelayedCommand.prototype.executeInternal_/h(file:///C:/Users/User/AppData/Local/Temp/anonymous8215285623240406903webdriver-profile/extensions/fxdriver@googlecode.com/components/command-processor.js:12661)
	at <anonymous class>.fxdriver.Timer.prototype.setTimeout/<.notify(file:///C:/Users/User/AppData/Local/Temp/anonymous8215285623240406903webdriver-profile/extensions/fxdriver@googlecode.com/components/command-processor.js:625)
... Removed 30 stack frames]]>
    </failure>
  </testcase> <!-- @AfterMethod configAM -->
  <testcase name="@BeforeMethod configBM" time="0.0" classname="com.crm.organization.CreateOrganisation">
    <skipped/>
  </testcase> <!-- @BeforeMethod configBM -->
  <testcase name="@AfterMethod configAM" time="0.0" classname="com.crm.organization.CreateOrganisation">
    <skipped/>
  </testcase> <!-- @AfterMethod configAM -->
  <testcase name="@BeforeMethod configBM" time="0.0" classname="com.crm.organization.CreateOrganisation">
    <skipped/>
  </testcase> <!-- @BeforeMethod configBM -->
  <testcase name="@AfterMethod configAM" time="0.0" classname="com.crm.organization.CreateOrganisation">
    <skipped/>
  </testcase> <!-- @AfterMethod configAM -->
  <testcase name="@BeforeMethod configBM" time="0.0" classname="com.crm.organization.CreateOrganisation">
    <skipped/>
  </testcase> <!-- @BeforeMethod configBM -->
  <testcase name="@AfterMethod configAM" time="0.0" classname="com.crm.organization.CreateOrganisation">
    <skipped/>
  </testcase> <!-- @AfterMethod configAM -->
  <testcase name="@BeforeMethod configBM" time="0.0" classname="com.crm.organization.CreateOrganisation">
    <skipped/>
  </testcase> <!-- @BeforeMethod configBM -->
  <testcase name="@AfterMethod configAM" time="0.0" classname="com.crm.organization.CreateOrganisation">
    <skipped/>
  </testcase> <!-- @AfterMethod configAM -->
  <testcase name="@AfterClass configAC" time="0.0" classname="com.crm.organization.CreateOrganisation">
    <skipped/>
  </testcase> <!-- @AfterClass configAC -->
  <testcase name="createCustomerTest" time="20.429" classname="com.crm.organization.CreateOrganisation">
    <failure type="java.lang.AssertionError" message="expected [true] but found [false]">
      <![CDATA[java.lang.AssertionError: expected [true] but found [false]
	at com.crm.organization.CreateOrganisation.createCustomerTest(CreateOrganisation.java:72)
... Removed 28 stack frames]]>
    </failure>
  </testcase> <!-- createCustomerTest -->
  <testcase name="createOrganizationWithAnnualRevenueTest" time="0.0" classname="com.crm.organization.CreateOrganisation">
    <skipped/>
  </testcase> <!-- createOrganizationWithAnnualRevenueTest -->
  <testcase name="createOrganizationWithDescriptionTest" time="0.0" classname="com.crm.organization.CreateOrganisation">
    <skipped/>
  </testcase> <!-- createOrganizationWithDescriptionTest -->
  <testcase name="createOrganizationWithTypeFieldTest" time="0.0" classname="com.crm.organization.CreateOrganisation">
    <skipped/>
  </testcase> <!-- createOrganizationWithTypeFieldTest -->
  <testcase name="createOrganizationwithAssignedToAsGroupTest" time="0.0" classname="com.crm.organization.CreateOrganisation">
    <skipped/>
  </testcase> <!-- createOrganizationwithAssignedToAsGroupTest -->
</testsuite> <!-- Test -->
